<?xml version="1.0" encoding="UTF-8"?>
<!-- Generated by org.testng.reporters.JUnitReportReporter -->
<testsuite hostname="DESKTOP-8RJ2IMR" failures="0" tests="1" name="com.edurekademo.basics.GoogleSearch" time="7.182" errors="0" timestamp="08 Jan 2020 14:54:42 GMT" skipped="0">
  <testcase classname="com.edurekademo.basics.GoogleSearch" name="search" time="7.182"/>
</testsuite> <!-- com.edurekademo.basics.GoogleSearch -->
